<?xml version="1.0" encoding="UTF-8"?>
<!-- Generated by org.testng.reporters.JUnitXMLReporter -->
<testsuite ignored="2" hostname="DESKTOP-5DJG0VO" failures="0" tests="3" name="Test" time="19.003" errors="0" timestamp="31 May 2024 13:22:28 GMT">
  <testcase classname="com.finsBury.SCM.System.supplySyncAllTest" name="addAndDeleteUnit" time="6.647"/>
  <testcase classname="com.finsBury.SCM.System.supplySyncAllTest" name="addCategoryAndEditCategoryTest" time="6.618"/>
  <testcase classname="com.finsBury.SCM.System.supplySyncAllTest" name="addProductTest" time="2.601"/>
  <testcase classname="com.finsBury.SCM.System.supplySyncAllTest" name="manufacturerTest" time="0.0">
    <ignored/>
  </testcase> <!-- manufacturerTest -->
  <testcase classname="com.finsBury.SCM.System.supplySyncAllTest" name="retailerTest" time="0.0">
    <ignored/>
  </testcase> <!-- retailerTest -->
</testsuite> <!-- Test -->
